[debug] [2022-03-09T20:38:34.862Z] ----------------------------------------------------------------------
[debug] [2022-03-09T20:38:34.865Z] Command:       C:\Program Files\nodejs\node.exe C:\Users\Babs\AppData\Roaming\npm\node_modules\firebase-tools\lib\bin\firebase.js deploy --only hosting
[debug] [2022-03-09T20:38:34.865Z] CLI Version:   10.2.2
[debug] [2022-03-09T20:38:34.866Z] Platform:      win32
[debug] [2022-03-09T20:38:34.866Z] Node Version:  v16.13.2
[debug] [2022-03-09T20:38:34.867Z] Time:          Wed Mar 09 2022 23:38:34 GMT+0300 (East Africa Time)
[debug] [2022-03-09T20:38:34.867Z] ----------------------------------------------------------------------
[debug] 
[debug] [2022-03-09T20:38:34.953Z] > command requires scopes: ["email","openid","https://www.googleapis.com/auth/cloudplatformprojects.readonly","https://www.googleapis.com/auth/firebase","https://www.googleapis.com/auth/cloud-platform"]
[debug] [2022-03-09T20:38:34.953Z] > authorizing via signed-in user (chepngetichrose2030@gmail.com)
[debug] [2022-03-09T20:38:34.953Z] [iam] checking project devfinder-508c9 for permissions ["firebase.projects.get","firebasehosting.sites.update"]
[debug] [2022-03-09T20:38:34.955Z] > refreshing access token with scopes: []
[debug] [2022-03-09T20:38:34.956Z] >>> HTTP REQUEST POST https://www.googleapis.com/oauth2/v3/token  
 <request body omitted>
[debug] [2022-03-09T20:38:37.417Z] <<< HTTP RESPONSE 200 {"pragma":"no-cache","date":"Wed, 09 Mar 2022 20:41:23 GMT","cache-control":"no-cache, no-store, max-age=0, must-revalidate","expires":"Mon, 01 Jan 1990 00:00:00 GMT","content-type":"application/json; charset=utf-8","vary":"X-Origin, Referer, Origin,Accept-Encoding","server":"scaffolding on HTTPServer2","x-xss-protection":"0","x-frame-options":"SAMEORIGIN","x-content-type-options":"nosniff","alt-svc":"h3=\":443\"; ma=2592000,h3-29=\":443\"; ma=2592000,h3-Q050=\":443\"; ma=2592000,h3-Q046=\":443\"; ma=2592000,h3-Q043=\":443\"; ma=2592000,quic=\":443\"; ma=2592000; v=\"46,43\"","accept-ranges":"none","transfer-encoding":"chunked"}
[debug] [2022-03-09T20:38:37.919Z] >>> [apiv2][query] POST https://cloudresourcemanager.googleapis.com/v1/projects/devfinder-508c9:testIamPermissions [none]
[debug] [2022-03-09T20:38:37.920Z] >>> [apiv2][body] POST https://cloudresourcemanager.googleapis.com/v1/projects/devfinder-508c9:testIamPermissions {"permissions":["firebase.projects.get","firebasehosting.sites.update"]}
[debug] [2022-03-09T20:38:42.925Z] <<< [apiv2][status] POST https://cloudresourcemanager.googleapis.com/v1/projects/devfinder-508c9:testIamPermissions 200
[debug] [2022-03-09T20:38:42.926Z] <<< [apiv2][body] POST https://cloudresourcemanager.googleapis.com/v1/projects/devfinder-508c9:testIamPermissions {"permissions":["firebase.projects.get","firebasehosting.sites.update"]}
[debug] [2022-03-09T20:38:42.930Z] >>> [apiv2][query] GET https://firebase.googleapis.com/v1beta1/projects/devfinder-508c9 [none]
[debug] [2022-03-09T20:38:43.495Z] <<< [apiv2][status] GET https://firebase.googleapis.com/v1beta1/projects/devfinder-508c9 200
[debug] [2022-03-09T20:38:43.496Z] <<< [apiv2][body] GET https://firebase.googleapis.com/v1beta1/projects/devfinder-508c9 {"projectId":"devfinder-508c9","projectNumber":"617979919397","displayName":"devFinder","name":"projects/devfinder-508c9","resources":{"hostingSite":"devfinder-508c9","realtimeDatabaseInstance":"devfinder-508c9-default-rtdb"},"state":"ACTIVE"}
[info] 
[info] === Deploying to 'devfinder-508c9'...
[info] 
[info] i  deploying hosting 
[debug] [2022-03-09T20:38:43.507Z] >>> [apiv2][query] GET https://firebase.googleapis.com/v1beta1/projects/devfinder-508c9 [none]
[debug] [2022-03-09T20:38:44.136Z] <<< [apiv2][status] GET https://firebase.googleapis.com/v1beta1/projects/devfinder-508c9 200
[debug] [2022-03-09T20:38:44.137Z] <<< [apiv2][body] GET https://firebase.googleapis.com/v1beta1/projects/devfinder-508c9 {"projectId":"devfinder-508c9","projectNumber":"617979919397","displayName":"devFinder","name":"projects/devfinder-508c9","resources":{"hostingSite":"devfinder-508c9","realtimeDatabaseInstance":"devfinder-508c9-default-rtdb"},"state":"ACTIVE"}
[debug] [2022-03-09T20:38:44.144Z] >>> [apiv2][query] POST https://firebasehosting.googleapis.com/v1beta1/projects/617979919397/sites/devfinder-508c9/versions [none]
[debug] [2022-03-09T20:38:44.144Z] >>> [apiv2][body] POST https://firebasehosting.googleapis.com/v1beta1/projects/617979919397/sites/devfinder-508c9/versions {"config":{"rewrites":[{"glob":"**","path":"/index.html"}]},"labels":{"deployment-tool":"cli-firebase"}}
